<?xml version="1.0" encoding="UTF-8"?>
<testng-results ignored="0" total="1" passed="1" failed="0" skipped="0">
  <reporter-output>
  </reporter-output>
  <suite started-at="2025-04-30T18:04:56 PDT" name="ReserveCalifornia" finished-at="2025-04-30T18:05:07 PDT" duration-ms="10596">
    <groups>
    </groups>
    <test started-at="2025-04-30T18:04:56 PDT" name="Login Page Test" finished-at="2025-04-30T18:05:07 PDT" duration-ms="10596">
      <class name="tests.LoginTest">
        <test-method is-config="true" signature="setup(java.lang.String)[pri:0, instance:tests.LoginTest@15d49048]" started-at="2025-04-30T18:04:56 PDT" name="setup" finished-at="2025-04-30T18:05:02 PDT" duration-ms="5694" status="PASS">
          <params>
            <param index="0">
              <value>
                <![CDATA[chrome]]>
              </value>
            </param>
          </params>
          <reporter-output>
          </reporter-output>
        </test-method> <!-- setup -->
        <test-method signature="loginValidEmailPassword()[pri:0, instance:tests.LoginTest@15d49048]" started-at="2025-04-30T18:05:02 PDT" name="loginValidEmailPassword" finished-at="2025-04-30T18:05:06 PDT" duration-ms="4519" status="PASS">
          <reporter-output>
          </reporter-output>
        </test-method> <!-- loginValidEmailPassword -->
        <test-method is-config="true" signature="tearDown()[pri:0, instance:tests.LoginTest@15d49048]" started-at="2025-04-30T18:05:06 PDT" name="tearDown" finished-at="2025-04-30T18:05:07 PDT" duration-ms="328" status="PASS">
          <reporter-output>
          </reporter-output>
        </test-method> <!-- tearDown -->
      </class> <!-- tests.LoginTest -->
    </test> <!-- Login Page Test -->
  </suite> <!-- ReserveCalifornia -->
</testng-results>
