<?xml version="1.0" encoding="UTF-8"?>
<testng-results ignored="0" total="1" passed="1" failed="0" skipped="0">
  <reporter-output>
  </reporter-output>
  <suite started-at="2025-04-23T18:12:25 PDT" name="ReserveCalifornia" finished-at="2025-04-23T18:12:36 PDT" duration-ms="10790">
    <groups>
    </groups>
    <test started-at="2025-04-23T18:12:25 PDT" name="Login Page Test" finished-at="2025-04-23T18:12:36 PDT" duration-ms="10790">
      <class name="LoginTest">
        <test-method is-config="true" signature="setup(java.lang.String)[pri:0, instance:LoginTest@730d2164]" started-at="2025-04-23T18:12:25 PDT" name="setup" finished-at="2025-04-23T18:12:29 PDT" duration-ms="3976" status="PASS">
          <params>
            <param index="0">
              <value>
                <![CDATA[chrome]]>
              </value>
            </param>
          </params>
          <reporter-output>
          </reporter-output>
        </test-method> <!-- setup -->
        <test-method signature="loginValidEmailPassword()[pri:0, instance:LoginTest@730d2164]" started-at="2025-04-23T18:12:29 PDT" name="loginValidEmailPassword" finished-at="2025-04-23T18:12:36 PDT" duration-ms="6586" status="PASS">
          <reporter-output>
          </reporter-output>
        </test-method> <!-- loginValidEmailPassword -->
        <test-method is-config="true" signature="tearDown()[pri:0, instance:LoginTest@730d2164]" started-at="2025-04-23T18:12:36 PDT" name="tearDown" finished-at="2025-04-23T18:12:36 PDT" duration-ms="195" status="PASS">
          <reporter-output>
          </reporter-output>
        </test-method> <!-- tearDown -->
      </class> <!-- LoginTest -->
    </test> <!-- Login Page Test -->
  </suite> <!-- ReserveCalifornia -->
</testng-results>
